c:\users\toshibapc\documents\visual studio 2015\projects\intel_sgx-master\simulation_code\app_simulation\enclave_simulation_u.h
c:\users\toshibapc\documents\visual studio 2015\projects\intel_sgx-master\simulation_code\app_simulation\enclave_simulation_u.c
c:\users\toshibapc\documents\visual studio 2015\projects\intel_sgx-master\simulation_code\app_simulation\debug\app_simulation.obj
c:\users\toshibapc\documents\visual studio 2015\projects\intel_sgx-master\simulation_code\app_simulation\debug\vc140.pdb
c:\users\toshibapc\documents\visual studio 2015\projects\intel_sgx-master\simulation_code\app_simulation\debug\enclave_simulation_u.obj
c:\users\toshib~1\appdata\local\temp\lnk{1a8fc27d-b4b8-448d-9bf3-a3d6626c6ef5}.tmp
c:\users\toshib~1\appdata\local\temp\lnk{7c07f118-d5ca-4aaf-aec7-865c830e4398}.tmp
c:\users\toshibapc\documents\visual studio 2015\projects\intel_sgx-master\simulation_code\debug\app_simulation.ilk
c:\users\toshibapc\documents\visual studio 2015\projects\intel_sgx-master\simulation_code\debug\app_simulation.exe
c:\users\toshibapc\documents\visual studio 2015\projects\intel_sgx-master\simulation_code\debug\app_simulation.pdb
c:\users\toshibapc\documents\visual studio 2015\projects\intel_sgx-master\simulation_code\app_simulation\debug\app_simulation.tlog\custombuild.command.1.tlog
c:\users\toshibapc\documents\visual studio 2015\projects\intel_sgx-master\simulation_code\app_simulation\debug\app_simulation.tlog\custombuild.read.1.tlog
c:\users\toshibapc\documents\visual studio 2015\projects\intel_sgx-master\simulation_code\app_simulation\debug\app_simulation.tlog\custombuild.write.1.tlog
c:\users\toshibapc\documents\visual studio 2015\projects\intel_sgx-master\simulation_code\app_simulation\debug\app_simulation.tlog\icl-mcpcom.read.1.tlog
c:\users\toshibapc\documents\visual studio 2015\projects\intel_sgx-master\simulation_code\app_simulation\debug\app_simulation.tlog\icl-mcpcom.write.1.tlog
c:\users\toshibapc\documents\visual studio 2015\projects\intel_sgx-master\simulation_code\app_simulation\debug\app_simulation.tlog\icl.command.1.tlog
c:\users\toshibapc\documents\visual studio 2015\projects\intel_sgx-master\simulation_code\app_simulation\debug\app_simulation.tlog\icl.read.1.tlog
c:\users\toshibapc\documents\visual studio 2015\projects\intel_sgx-master\simulation_code\app_simulation\debug\app_simulation.tlog\icl.write.1.tlog
c:\users\toshibapc\documents\visual studio 2015\projects\intel_sgx-master\simulation_code\app_simulation\debug\app_simulation.tlog\xilink-link-cvtres.read.1.tlog
c:\users\toshibapc\documents\visual studio 2015\projects\intel_sgx-master\simulation_code\app_simulation\debug\app_simulation.tlog\xilink-link-cvtres.write.1.tlog
c:\users\toshibapc\documents\visual studio 2015\projects\intel_sgx-master\simulation_code\app_simulation\debug\app_simulation.tlog\xilink-link-rc.read.1.tlog
c:\users\toshibapc\documents\visual studio 2015\projects\intel_sgx-master\simulation_code\app_simulation\debug\app_simulation.tlog\xilink-link-rc.write.1.tlog
c:\users\toshibapc\documents\visual studio 2015\projects\intel_sgx-master\simulation_code\app_simulation\debug\app_simulation.tlog\xilink-link.read.1.tlog
c:\users\toshibapc\documents\visual studio 2015\projects\intel_sgx-master\simulation_code\app_simulation\debug\app_simulation.tlog\xilink-link.read.2.tlog
c:\users\toshibapc\documents\visual studio 2015\projects\intel_sgx-master\simulation_code\app_simulation\debug\app_simulation.tlog\xilink-link.write.1.tlog
c:\users\toshibapc\documents\visual studio 2015\projects\intel_sgx-master\simulation_code\app_simulation\debug\app_simulation.tlog\xilink-mcpcom.read.1.tlog
c:\users\toshibapc\documents\visual studio 2015\projects\intel_sgx-master\simulation_code\app_simulation\debug\app_simulation.tlog\xilink-mcpcom.write.1.tlog
c:\users\toshibapc\documents\visual studio 2015\projects\intel_sgx-master\simulation_code\app_simulation\debug\app_simulation.tlog\xilink.command.1.tlog
c:\users\toshibapc\documents\visual studio 2015\projects\intel_sgx-master\simulation_code\app_simulation\debug\app_simulation.tlog\xilink.read.1.tlog
c:\users\toshibapc\documents\visual studio 2015\projects\intel_sgx-master\simulation_code\app_simulation\debug\app_simulation.tlog\xilink.write.1.tlog
