c:\users\toshibapc\documents\visual studio 2015\projects\intel_sgx-master\simulation_code\enclave_simulation\enclave_simulation_t.h
c:\users\toshibapc\documents\visual studio 2015\projects\intel_sgx-master\simulation_code\enclave_simulation\enclave_simulation_t.c
c:\users\toshibapc\documents\visual studio 2015\projects\intel_sgx-master\simulation_code\debug\enclave_simulation.lib
c:\users\toshibapc\documents\visual studio 2015\projects\intel_sgx-master\simulation_code\debug\enclave_simulation.exp
c:\users\toshibapc\documents\visual studio 2015\projects\intel_sgx-master\simulation_code\enclave_simulation\debug\enclave_simulation.obj
c:\users\toshibapc\documents\visual studio 2015\projects\intel_sgx-master\simulation_code\enclave_simulation\debug\vc140.pdb
c:\users\toshibapc\documents\visual studio 2015\projects\intel_sgx-master\simulation_code\enclave_simulation\debug\enclave_simulation_t.obj
c:\users\toshibapc\documents\visual studio 2015\projects\intel_sgx-master\simulation_code\debug\enclave_simulation.dll
c:\users\toshibapc\documents\visual studio 2015\projects\intel_sgx-master\simulation_code\debug\enclave_simulation.pdb
c:\users\toshibapc\documents\visual studio 2015\projects\intel_sgx-master\simulation_code\enclave_simulation\debug\enclave_.ac29a1e5.tlog\custombuild.command.1.tlog
c:\users\toshibapc\documents\visual studio 2015\projects\intel_sgx-master\simulation_code\enclave_simulation\debug\enclave_.ac29a1e5.tlog\custombuild.read.1.tlog
c:\users\toshibapc\documents\visual studio 2015\projects\intel_sgx-master\simulation_code\enclave_simulation\debug\enclave_.ac29a1e5.tlog\custombuild.write.1.tlog
c:\users\toshibapc\documents\visual studio 2015\projects\intel_sgx-master\simulation_code\enclave_simulation\debug\enclave_.ac29a1e5.tlog\enclave_simulation.write.1u.tlog
c:\users\toshibapc\documents\visual studio 2015\projects\intel_sgx-master\simulation_code\enclave_simulation\debug\enclave_.ac29a1e5.tlog\icl-mcpcom.read.1.tlog
c:\users\toshibapc\documents\visual studio 2015\projects\intel_sgx-master\simulation_code\enclave_simulation\debug\enclave_.ac29a1e5.tlog\icl-mcpcom.write.1.tlog
c:\users\toshibapc\documents\visual studio 2015\projects\intel_sgx-master\simulation_code\enclave_simulation\debug\enclave_.ac29a1e5.tlog\icl.command.1.tlog
c:\users\toshibapc\documents\visual studio 2015\projects\intel_sgx-master\simulation_code\enclave_simulation\debug\enclave_.ac29a1e5.tlog\icl.read.1.tlog
c:\users\toshibapc\documents\visual studio 2015\projects\intel_sgx-master\simulation_code\enclave_simulation\debug\enclave_.ac29a1e5.tlog\icl.write.1.tlog
c:\users\toshibapc\documents\visual studio 2015\projects\intel_sgx-master\simulation_code\enclave_simulation\debug\enclave_.ac29a1e5.tlog\xilink-link.read.1.tlog
c:\users\toshibapc\documents\visual studio 2015\projects\intel_sgx-master\simulation_code\enclave_simulation\debug\enclave_.ac29a1e5.tlog\xilink-link.read.2.tlog
c:\users\toshibapc\documents\visual studio 2015\projects\intel_sgx-master\simulation_code\enclave_simulation\debug\enclave_.ac29a1e5.tlog\xilink-link.write.1.tlog
c:\users\toshibapc\documents\visual studio 2015\projects\intel_sgx-master\simulation_code\enclave_simulation\debug\enclave_.ac29a1e5.tlog\xilink-mcpcom.read.1.tlog
c:\users\toshibapc\documents\visual studio 2015\projects\intel_sgx-master\simulation_code\enclave_simulation\debug\enclave_.ac29a1e5.tlog\xilink-mcpcom.write.1.tlog
c:\users\toshibapc\documents\visual studio 2015\projects\intel_sgx-master\simulation_code\enclave_simulation\debug\enclave_.ac29a1e5.tlog\xilink.command.1.tlog
c:\users\toshibapc\documents\visual studio 2015\projects\intel_sgx-master\simulation_code\enclave_simulation\debug\enclave_.ac29a1e5.tlog\xilink.read.1.tlog
c:\users\toshibapc\documents\visual studio 2015\projects\intel_sgx-master\simulation_code\enclave_simulation\debug\enclave_.ac29a1e5.tlog\xilink.write.1.tlog
